2026-03-09 18:32:38 - trainer - INFO - 训练器初始化完成，计划训练 200 回合
2026-03-09 18:32:38 - trainer - INFO - ============================================================
2026-03-09 18:32:38 - trainer - INFO - 开始训练
2026-03-09 18:32:38 - trainer - INFO - ============================================================
2026-03-09 18:33:31 - trainer - INFO - 回合 1/200: 奖励=0.00, 利润=28495.12, 服务=1434, 流失=1795
2026-03-09 18:34:33 - trainer - INFO - 回合 2/200: 奖励=0.00, 利润=30243.89, 服务=1526, 流失=1876
2026-03-09 18:35:35 - trainer - INFO - 回合 3/200: 奖励=0.00, 利润=31454.38, 服务=1523, 流失=1777
2026-03-09 18:36:37 - trainer - INFO - 回合 4/200: 奖励=0.00, 利润=31408.74, 服务=1510, 流失=1751
2026-03-09 18:37:40 - trainer - INFO - 回合 5/200: 奖励=0.00, 利润=32910.21, 服务=1588, 流失=1663
2026-03-09 18:38:43 - trainer - INFO - 回合 6/200: 奖励=0.00, 利润=31937.69, 服务=1525, 流失=1734
2026-03-09 18:39:52 - trainer - INFO - 回合 7/200: 奖励=0.00, 利润=35159.20, 服务=1661, 流失=1587
2026-03-09 18:41:00 - trainer - INFO - 回合 8/200: 奖励=0.00, 利润=33630.38, 服务=1624, 流失=1713
2026-03-09 18:42:10 - trainer - INFO - 回合 9/200: 奖励=0.00, 利润=34551.88, 服务=1572, 流失=1760
2026-03-09 18:43:21 - trainer - INFO - 回合 10/200: 奖励=0.00, 利润=37755.93, 服务=1692, 流失=1661
2026-03-09 18:44:36 - trainer - INFO - 回合 11/200: 奖励=0.00, 利润=38165.82, 服务=1743, 流失=1503
2026-03-09 18:45:49 - trainer - INFO - 回合 12/200: 奖励=0.00, 利润=36573.85, 服务=1696, 流失=1574
2026-03-09 18:47:04 - trainer - INFO - 回合 13/200: 奖励=0.00, 利润=39648.14, 服务=1755, 流失=1486
2026-03-09 18:48:17 - trainer - INFO - 回合 14/200: 奖励=0.00, 利润=39224.31, 服务=1735, 流失=1563
2026-03-09 18:49:34 - trainer - INFO - 回合 15/200: 奖励=0.00, 利润=40362.36, 服务=1807, 流失=1499
2026-03-09 18:50:53 - trainer - INFO - 回合 16/200: 奖励=0.00, 利润=42004.85, 服务=1841, 流失=1407
2026-03-09 18:52:14 - trainer - INFO - 回合 17/200: 奖励=0.00, 利润=41530.69, 服务=1877, 流失=1484
2026-03-09 18:53:35 - trainer - INFO - 回合 18/200: 奖励=0.00, 利润=43583.50, 服务=1918, 流失=1356
2026-03-09 18:54:56 - trainer - INFO - 回合 19/200: 奖励=0.00, 利润=43799.12, 服务=1889, 流失=1296
2026-03-09 18:56:17 - trainer - INFO - 回合 20/200: 奖励=0.00, 利润=44105.28, 服务=1882, 流失=1381
2026-03-09 18:57:41 - trainer - INFO - 回合 21/200: 奖励=0.00, 利润=47055.24, 服务=1969, 流失=1309
2026-03-09 18:59:23 - trainer - INFO - 回合 22/200: 奖励=0.00, 利润=47647.87, 服务=2081, 流失=1200
2026-03-09 19:01:42 - trainer - INFO - 回合 23/200: 奖励=0.00, 利润=47328.00, 服务=2014, 流失=1260
2026-03-09 19:04:03 - trainer - INFO - 回合 24/200: 奖励=0.00, 利润=48046.85, 服务=2035, 流失=1198
2026-03-09 19:06:24 - trainer - INFO - 回合 25/200: 奖励=0.00, 利润=48932.37, 服务=2022, 流失=1225
2026-03-09 19:08:54 - trainer - INFO - 回合 26/200: 奖励=0.00, 利润=48902.14, 服务=2091, 流失=1237
2026-03-09 19:11:25 - trainer - INFO - 回合 27/200: 奖励=0.00, 利润=49734.19, 服务=2154, 流失=1184
2026-03-09 19:13:51 - trainer - INFO - 回合 28/200: 奖励=0.00, 利润=50492.00, 服务=2109, 流失=1098
2026-03-09 19:16:22 - trainer - INFO - 回合 29/200: 奖励=0.00, 利润=51812.71, 服务=2127, 流失=1265
2026-03-09 19:18:49 - trainer - INFO - 回合 30/200: 奖励=0.00, 利润=50612.32, 服务=2107, 流失=1183
2026-03-09 19:21:14 - trainer - INFO - 回合 31/200: 奖励=0.00, 利润=49486.99, 服务=2057, 流失=1178
2026-03-09 19:23:34 - trainer - INFO - 回合 32/200: 奖励=0.00, 利润=49463.62, 服务=2001, 流失=1144
2026-03-09 19:25:55 - trainer - INFO - 回合 33/200: 奖励=0.00, 利润=48265.78, 服务=2023, 流失=1274
2026-03-09 19:28:20 - trainer - INFO - 回合 34/200: 奖励=0.00, 利润=50493.65, 服务=2087, 流失=1148
2026-03-09 19:30:47 - trainer - INFO - 回合 35/200: 奖励=0.00, 利润=50921.28, 服务=2128, 流失=1121
2026-03-09 19:33:13 - trainer - INFO - 回合 36/200: 奖励=0.00, 利润=50824.89, 服务=2074, 流失=1273
2026-03-09 19:35:29 - trainer - INFO - 回合 37/200: 奖励=0.00, 利润=49161.59, 服务=1964, 流失=1344
2026-03-09 19:38:05 - trainer - INFO - 回合 38/200: 奖励=0.00, 利润=54423.60, 服务=2217, 流失=1085
2026-03-09 19:40:35 - trainer - INFO - 回合 39/200: 奖励=0.00, 利润=52575.33, 服务=2126, 流失=1090
2026-03-09 19:43:07 - trainer - INFO - 回合 40/200: 奖励=0.00, 利润=53017.89, 服务=2167, 流失=1150
2026-03-09 19:45:44 - trainer - INFO - 回合 41/200: 奖励=0.00, 利润=53646.06, 服务=2215, 流失=1114
2026-03-09 19:48:21 - trainer - INFO - 回合 42/200: 奖励=0.00, 利润=54090.12, 服务=2215, 流失=1139
2026-03-09 19:50:50 - trainer - INFO - 回合 43/200: 奖励=0.00, 利润=52871.37, 服务=2131, 流失=1232
2026-03-09 19:53:19 - trainer - INFO - 回合 44/200: 奖励=0.00, 利润=53113.79, 服务=2115, 流失=1186
2026-03-09 19:55:55 - trainer - INFO - 回合 45/200: 奖励=0.00, 利润=55001.02, 服务=2212, 流失=1044
2026-03-09 19:58:28 - trainer - INFO - 回合 46/200: 奖励=0.00, 利润=53620.64, 服务=2183, 流失=1107
2026-03-09 20:00:52 - trainer - INFO - 回合 47/200: 奖励=0.00, 利润=50889.07, 服务=2058, 流失=1181
2026-03-09 20:03:21 - trainer - INFO - 回合 48/200: 奖励=0.00, 利润=53661.81, 服务=2136, 流失=1171
2026-03-09 20:05:55 - trainer - INFO - 回合 49/200: 奖励=0.00, 利润=55109.17, 服务=2184, 流失=1046
2026-03-09 20:08:31 - trainer - INFO - 回合 50/200: 奖励=0.00, 利润=55677.49, 服务=2217, 流失=1042
2026-03-09 20:11:05 - trainer - INFO - 回合 51/200: 奖励=0.00, 利润=54468.02, 服务=2199, 流失=1026
2026-03-09 20:13:36 - trainer - INFO - 回合 52/200: 奖励=0.00, 利润=54135.58, 服务=2153, 流失=1065
2026-03-09 20:16:10 - trainer - INFO - 回合 53/200: 奖励=0.00, 利润=55002.36, 服务=2225, 流失=988
2026-03-09 20:18:35 - trainer - INFO - 回合 54/200: 奖励=0.00, 利润=52129.56, 服务=2069, 流失=1233
2026-03-09 20:21:09 - trainer - INFO - 回合 55/200: 奖励=0.00, 利润=56516.68, 服务=2224, 流失=1090
2026-03-09 20:23:41 - trainer - INFO - 回合 56/200: 奖励=0.00, 利润=53606.35, 服务=2152, 流失=1081
2026-03-09 20:26:13 - trainer - INFO - 回合 57/200: 奖励=0.00, 利润=53888.02, 服务=2160, 流失=1086
2026-03-09 20:28:35 - trainer - INFO - 回合 58/200: 奖励=0.00, 利润=51222.14, 服务=2016, 流失=1176
2026-03-09 20:31:15 - trainer - INFO - 回合 59/200: 奖励=0.00, 利润=58321.93, 服务=2292, 流失=1155
2026-03-09 20:33:50 - trainer - INFO - 回合 60/200: 奖励=0.00, 利润=55225.22, 服务=2235, 流失=1132
2026-03-09 20:36:31 - trainer - INFO - 回合 61/200: 奖励=0.00, 利润=56970.99, 服务=2288, 流失=1014
2026-03-09 20:39:09 - trainer - INFO - 回合 62/200: 奖励=0.00, 利润=56669.54, 服务=2257, 流失=1012
2026-03-09 20:41:34 - trainer - INFO - 回合 63/200: 奖励=0.00, 利润=53748.24, 服务=2100, 流失=1244
2026-03-09 20:44:14 - trainer - INFO - 回合 64/200: 奖励=0.00, 利润=56886.75, 服务=2283, 流失=1083
2026-03-09 20:46:45 - trainer - INFO - 回合 65/200: 奖励=0.00, 利润=54170.10, 服务=2148, 流失=1080
2026-03-09 20:49:22 - trainer - INFO - 回合 66/200: 奖励=0.00, 利润=55011.09, 服务=2226, 流失=1086
2026-03-09 20:52:03 - trainer - INFO - 回合 67/200: 奖励=0.00, 利润=58083.22, 服务=2288, 流失=1109
2026-03-09 20:54:34 - trainer - INFO - 回合 68/200: 奖励=0.00, 利润=55385.70, 服务=2165, 流失=1163
2026-03-09 20:57:10 - trainer - INFO - 回合 69/200: 奖励=0.00, 利润=55233.00, 服务=2209, 流失=1167
2026-03-09 20:59:34 - trainer - INFO - 回合 70/200: 奖励=0.00, 利润=52864.65, 服务=2075, 流失=1185
2026-03-09 21:02:18 - trainer - INFO - 回合 71/200: 奖励=0.00, 利润=57723.81, 服务=2335, 流失=1003
2026-03-09 21:04:59 - trainer - INFO - 回合 72/200: 奖励=0.00, 利润=56858.12, 服务=2281, 流失=1079
2026-03-09 21:07:37 - trainer - INFO - 回合 73/200: 奖励=0.00, 利润=54835.57, 服务=2208, 流失=1157
2026-03-09 21:10:07 - trainer - INFO - 回合 74/200: 奖励=0.00, 利润=53496.71, 服务=2102, 流失=1251
2026-03-09 21:12:44 - trainer - INFO - 回合 75/200: 奖励=0.00, 利润=54260.91, 服务=2217, 流失=1128
2026-03-09 21:15:20 - trainer - INFO - 回合 76/200: 奖励=0.00, 利润=55228.33, 服务=2237, 流失=1101
2026-03-09 21:18:05 - trainer - INFO - 回合 77/200: 奖励=0.00, 利润=57754.93, 服务=2344, 流失=985
2026-03-09 21:20:50 - trainer - INFO - 回合 78/200: 奖励=0.00, 利润=56480.91, 服务=2339, 流失=988
2026-03-09 21:23:18 - trainer - INFO - 回合 79/200: 奖励=0.00, 利润=53666.11, 服务=2130, 流失=1158
2026-03-09 21:25:51 - trainer - INFO - 回合 80/200: 奖励=0.00, 利润=52691.79, 服务=2149, 流失=1150
2026-03-09 21:28:30 - trainer - INFO - 回合 81/200: 奖励=0.00, 利润=57193.33, 服务=2270, 流失=1068
2026-03-09 21:31:05 - trainer - INFO - 回合 82/200: 奖励=0.00, 利润=55796.57, 服务=2180, 流失=1165
2026-03-09 21:33:37 - trainer - INFO - 回合 83/200: 奖励=0.00, 利润=55721.16, 服务=2177, 流失=1200
2026-03-09 21:36:12 - trainer - INFO - 回合 84/200: 奖励=0.00, 利润=56343.81, 服务=2213, 流失=1072
2026-03-09 21:38:47 - trainer - INFO - 回合 85/200: 奖励=0.00, 利润=54744.80, 服务=2173, 流失=1039
2026-03-09 21:41:31 - trainer - INFO - 回合 86/200: 奖励=0.00, 利润=57219.68, 服务=2320, 流失=960
2026-03-09 21:44:11 - trainer - INFO - 回合 87/200: 奖励=0.00, 利润=56080.33, 服务=2260, 流失=997
2026-03-09 21:46:55 - trainer - INFO - 回合 88/200: 奖励=0.00, 利润=57902.54, 服务=2328, 流失=1008
2026-03-09 21:49:35 - trainer - INFO - 回合 89/200: 奖励=0.00, 利润=54380.74, 服务=2259, 流失=1049
2026-03-09 21:52:10 - trainer - INFO - 回合 90/200: 奖励=0.00, 利润=55564.71, 服务=2217, 流失=1144
2026-03-09 21:54:48 - trainer - INFO - 回合 91/200: 奖励=0.00, 利润=54793.14, 服务=2239, 流失=1045
2026-03-09 21:57:29 - trainer - INFO - 回合 92/200: 奖励=0.00, 利润=56457.41, 服务=2321, 流失=1050
2026-03-09 22:00:07 - trainer - INFO - 回合 93/200: 奖励=0.00, 利润=54797.67, 服务=2237, 流失=1145
2026-03-09 22:02:44 - trainer - INFO - 回合 94/200: 奖励=0.00, 利润=56282.14, 服务=2226, 流失=1124
2026-03-09 22:05:15 - trainer - INFO - 回合 95/200: 奖励=0.00, 利润=54866.12, 服务=2143, 流失=1211
2026-03-09 22:07:58 - trainer - INFO - 回合 96/200: 奖励=0.00, 利润=54937.48, 服务=2284, 流失=1068
2026-03-09 22:10:33 - trainer - INFO - 回合 97/200: 奖励=0.00, 利润=56393.31, 服务=2238, 流失=1169
2026-03-09 22:13:14 - trainer - INFO - 回合 98/200: 奖励=0.00, 利润=56468.44, 服务=2280, 流失=1161
2026-03-09 22:15:48 - trainer - INFO - 回合 99/200: 奖励=0.00, 利润=54309.76, 服务=2225, 流失=1118
2026-03-09 22:18:26 - trainer - INFO - 回合 100/200: 奖励=0.00, 利润=54835.43, 服务=2237, 流失=1032
2026-03-09 22:21:01 - trainer - INFO - 回合 101/200: 奖励=0.00, 利润=54600.77, 服务=2198, 流失=1148
2026-03-09 22:23:41 - trainer - INFO - 回合 102/200: 奖励=0.00, 利润=54106.87, 服务=2219, 流失=1009
2026-03-09 22:26:23 - trainer - INFO - 回合 103/200: 奖励=0.00, 利润=56634.58, 服务=2320, 流失=903
2026-03-09 22:28:51 - trainer - INFO - 回合 104/200: 奖励=0.00, 利润=53465.85, 服务=2121, 流失=1166
2026-03-09 22:31:30 - trainer - INFO - 回合 105/200: 奖励=0.00, 利润=56124.27, 服务=2251, 流失=1077
2026-03-09 22:34:07 - trainer - INFO - 回合 106/200: 奖励=0.00, 利润=53471.06, 服务=2213, 流失=1072
2026-03-09 22:36:55 - trainer - INFO - 回合 107/200: 奖励=0.00, 利润=58572.31, 服务=2396, 流失=971
2026-03-09 22:39:31 - trainer - INFO - 回合 108/200: 奖励=0.00, 利润=55976.00, 服务=2237, 流失=1022
2026-03-09 22:42:09 - trainer - INFO - 回合 109/200: 奖励=0.00, 利润=56378.20, 服务=2281, 流失=1066
2026-03-09 22:44:51 - trainer - INFO - 回合 110/200: 奖励=0.00, 利润=55516.51, 服务=2316, 流失=965
2026-03-09 22:47:30 - trainer - INFO - 回合 111/200: 奖励=0.00, 利润=55842.51, 服务=2245, 流失=1076
2026-03-09 22:50:01 - trainer - INFO - 回合 112/200: 奖励=0.00, 利润=53248.96, 服务=2143, 流失=1160
2026-03-09 22:52:39 - trainer - INFO - 回合 113/200: 奖励=0.00, 利润=56601.74, 服务=2310, 流失=1046
2026-03-09 22:55:10 - trainer - INFO - 回合 114/200: 奖励=0.00, 利润=53758.38, 服务=2145, 流失=1117
2026-03-09 22:57:42 - trainer - INFO - 回合 115/200: 奖励=0.00, 利润=54330.96, 服务=2153, 流失=1131
2026-03-09 23:00:18 - trainer - INFO - 回合 116/200: 奖励=0.00, 利润=55370.90, 服务=2213, 流失=1152
2026-03-09 23:02:59 - trainer - INFO - 回合 117/200: 奖励=0.00, 利润=54031.79, 服务=2257, 流失=994
2026-03-09 23:05:30 - trainer - INFO - 回合 118/200: 奖励=0.00, 利润=53008.98, 服务=2150, 流失=1175
2026-03-09 23:08:06 - trainer - INFO - 回合 119/200: 奖励=0.00, 利润=55037.43, 服务=2221, 流失=985
2026-03-09 23:10:45 - trainer - INFO - 回合 120/200: 奖励=0.00, 利润=55718.77, 服务=2272, 流失=1002
2026-03-09 23:13:26 - trainer - INFO - 回合 121/200: 奖励=0.00, 利润=54953.12, 服务=2257, 流失=1022
2026-03-09 23:15:11 - trainer - INFO - 回合 122/200: 奖励=0.00, 利润=53165.91, 服务=2190, 流失=1061
2026-03-09 23:16:48 - trainer - INFO - 回合 123/200: 奖励=0.00, 利润=56952.62, 服务=2288, 流失=1221
2026-03-09 23:18:22 - trainer - INFO - 回合 124/200: 奖励=0.00, 利润=54119.20, 服务=2196, 流失=1075
2026-03-09 23:20:01 - trainer - INFO - 回合 125/200: 奖励=0.00, 利润=56630.76, 服务=2284, 流失=1027
2026-03-09 23:21:37 - trainer - INFO - 回合 126/200: 奖励=0.00, 利润=55192.34, 服务=2227, 流失=1064
2026-03-09 23:23:09 - trainer - INFO - 回合 127/200: 奖励=0.00, 利润=54368.68, 服务=2147, 流失=1006
2026-03-09 23:24:43 - trainer - INFO - 回合 128/200: 奖励=0.00, 利润=53578.05, 服务=2161, 流失=1085
2026-03-09 23:26:25 - trainer - INFO - 回合 129/200: 奖励=0.00, 利润=56868.62, 服务=2317, 流失=1070
2026-03-09 23:28:03 - trainer - INFO - 回合 130/200: 奖励=0.00, 利润=56070.17, 服务=2261, 流失=1086
2026-03-09 23:29:41 - trainer - INFO - 回合 131/200: 奖励=0.00, 利润=57186.33, 服务=2316, 流失=1031
2026-03-09 23:31:19 - trainer - INFO - 回合 132/200: 奖励=0.00, 利润=55414.26, 服务=2284, 流失=1005
2026-03-09 23:32:52 - trainer - INFO - 回合 133/200: 奖励=0.00, 利润=53103.65, 服务=2158, 流失=1172
2026-03-09 23:34:27 - trainer - INFO - 回合 134/200: 奖励=0.00, 利润=52619.33, 服务=2186, 流失=1068
2026-03-09 23:36:03 - trainer - INFO - 回合 135/200: 奖励=0.00, 利润=54052.14, 服务=2206, 流失=1026
2026-03-09 23:37:43 - trainer - INFO - 回合 136/200: 奖励=0.00, 利润=55658.77, 服务=2283, 流失=1070
2026-03-09 23:39:20 - trainer - INFO - 回合 137/200: 奖励=0.00, 利润=55870.38, 服务=2257, 流失=1009
2026-03-09 23:41:01 - trainer - INFO - 回合 138/200: 奖励=0.00, 利润=55523.50, 服务=2299, 流失=918
2026-03-09 23:42:36 - trainer - INFO - 回合 139/200: 奖励=0.00, 利润=53948.23, 服务=2184, 流失=1117
2026-03-09 23:44:09 - trainer - INFO - 回合 140/200: 奖励=0.00, 利润=52992.95, 服务=2141, 流失=1087
2026-03-09 23:45:50 - trainer - INFO - 回合 141/200: 奖励=0.00, 利润=56401.38, 服务=2310, 流失=1025
2026-03-09 23:47:19 - trainer - INFO - 回合 142/200: 奖励=0.00, 利润=50139.49, 服务=2014, 流失=1199
2026-03-09 23:48:51 - trainer - INFO - 回合 143/200: 奖励=0.00, 利润=53306.82, 服务=2167, 流失=1163
2026-03-09 23:50:25 - trainer - INFO - 回合 144/200: 奖励=0.00, 利润=53508.18, 服务=2199, 流失=1067
2026-03-09 23:52:05 - trainer - INFO - 回合 145/200: 奖励=0.00, 利润=56071.07, 服务=2314, 流失=956
2026-03-09 23:53:47 - trainer - INFO - 回合 146/200: 奖励=0.00, 利润=55596.56, 服务=2325, 流失=994
2026-03-09 23:55:26 - trainer - INFO - 回合 147/200: 奖励=0.00, 利润=55842.87, 服务=2275, 流失=999
2026-03-09 23:56:58 - trainer - INFO - 回合 148/200: 奖励=0.00, 利润=50953.40, 服务=2121, 流失=1110
2026-03-09 23:58:36 - trainer - INFO - 回合 149/200: 奖励=0.00, 利润=57653.95, 服务=2316, 流失=1066
2026-03-10 00:00:13 - trainer - INFO - 回合 150/200: 奖励=0.00, 利润=53421.99, 服务=2230, 流失=1044
2026-03-10 00:01:50 - trainer - INFO - 回合 151/200: 奖励=0.00, 利润=56976.56, 服务=2286, 流失=1069
2026-03-10 00:03:22 - trainer - INFO - 回合 152/200: 奖励=0.00, 利润=52487.31, 服务=2151, 流失=1091
2026-03-10 00:04:59 - trainer - INFO - 回合 153/200: 奖励=0.00, 利润=54598.42, 服务=2199, 流失=1057
2026-03-10 00:06:34 - trainer - INFO - 回合 154/200: 奖励=0.00, 利润=55271.36, 服务=2251, 流失=1082
2026-03-10 00:08:10 - trainer - INFO - 回合 155/200: 奖励=0.00, 利润=54381.88, 服务=2250, 流失=1024
2026-03-10 00:09:41 - trainer - INFO - 回合 156/200: 奖励=0.00, 利润=53043.75, 服务=2141, 流失=1204
2026-03-10 00:11:21 - trainer - INFO - 回合 157/200: 奖励=0.00, 利润=56919.40, 服务=2322, 流失=1127
2026-03-10 00:12:59 - trainer - INFO - 回合 158/200: 奖励=0.00, 利润=56084.01, 服务=2282, 流失=1092
2026-03-10 00:14:37 - trainer - INFO - 回合 159/200: 奖励=0.00, 利润=55734.13, 服务=2242, 流失=1013
2026-03-10 00:16:18 - trainer - INFO - 回合 160/200: 奖励=0.00, 利润=57230.03, 服务=2294, 流失=964
2026-03-10 00:17:54 - trainer - INFO - 回合 161/200: 奖励=0.00, 利润=55060.78, 服务=2227, 流失=1055
2026-03-10 00:19:27 - trainer - INFO - 回合 162/200: 奖励=0.00, 利润=52975.42, 服务=2165, 流失=1141
2026-03-10 00:21:03 - trainer - INFO - 回合 163/200: 奖励=0.00, 利润=54036.42, 服务=2231, 流失=1090
2026-03-10 00:22:45 - trainer - INFO - 回合 164/200: 奖励=0.00, 利润=56389.77, 服务=2307, 流失=944
2026-03-10 00:24:22 - trainer - INFO - 回合 165/200: 奖励=0.00, 利润=54622.84, 服务=2204, 流失=1109
2026-03-10 00:25:56 - trainer - INFO - 回合 166/200: 奖励=0.00, 利润=52943.88, 服务=2160, 流失=1108
2026-03-10 00:27:30 - trainer - INFO - 回合 167/200: 奖励=0.00, 利润=54228.61, 服务=2190, 流失=995
2026-03-10 00:29:07 - trainer - INFO - 回合 168/200: 奖励=0.00, 利润=53551.78, 服务=2211, 流失=1110
2026-03-10 00:30:43 - trainer - INFO - 回合 169/200: 奖励=0.00, 利润=52609.00, 服务=2182, 流失=1152
2026-03-10 00:32:18 - trainer - INFO - 回合 170/200: 奖励=0.00, 利润=54436.02, 服务=2171, 流失=1162
2026-03-10 00:33:53 - trainer - INFO - 回合 171/200: 奖励=0.00, 利润=54050.36, 服务=2208, 流失=1100
2026-03-10 00:35:31 - trainer - INFO - 回合 172/200: 奖励=0.00, 利润=54427.32, 服务=2265, 流失=1058
2026-03-10 00:37:09 - trainer - INFO - 回合 173/200: 奖励=0.00, 利润=55877.66, 服务=2236, 流失=1209
2026-03-10 00:38:46 - trainer - INFO - 回合 174/200: 奖励=0.00, 利润=54789.32, 服务=2206, 流失=1116
2026-03-10 00:40:23 - trainer - INFO - 回合 175/200: 奖励=0.00, 利润=53368.20, 服务=2244, 流失=968
2026-03-10 00:42:05 - trainer - INFO - 回合 176/200: 奖励=0.00, 利润=56537.25, 服务=2315, 流失=932
2026-03-10 00:43:44 - trainer - INFO - 回合 177/200: 奖励=0.00, 利润=55651.49, 服务=2257, 流失=976
2026-03-10 00:45:19 - trainer - INFO - 回合 178/200: 奖励=0.00, 利润=53764.86, 服务=2187, 流失=1074
2026-03-10 00:46:57 - trainer - INFO - 回合 179/200: 奖励=0.00, 利润=54902.97, 服务=2196, 流失=977
2026-03-10 00:48:34 - trainer - INFO - 回合 180/200: 奖励=0.00, 利润=54384.84, 服务=2211, 流失=1118
2026-03-10 00:50:13 - trainer - INFO - 回合 181/200: 奖励=0.00, 利润=56480.94, 服务=2275, 流失=1094
2026-03-10 00:51:50 - trainer - INFO - 回合 182/200: 奖励=0.00, 利润=54853.62, 服务=2235, 流失=1048
2026-03-10 00:53:29 - trainer - INFO - 回合 183/200: 奖励=0.00, 利润=53469.42, 服务=2255, 流失=979
2026-03-10 00:55:08 - trainer - INFO - 回合 184/200: 奖励=0.00, 利润=54929.70, 服务=2247, 流失=1183
2026-03-10 00:56:48 - trainer - INFO - 回合 185/200: 奖励=0.00, 利润=54744.98, 服务=2287, 流失=1035
2026-03-10 00:58:28 - trainer - INFO - 回合 186/200: 奖励=0.00, 利润=53482.04, 服务=2242, 流失=1039
2026-03-10 01:00:05 - trainer - INFO - 回合 187/200: 奖励=0.00, 利润=54456.49, 服务=2222, 流失=1123
2026-03-10 01:01:45 - trainer - INFO - 回合 188/200: 奖励=0.00, 利润=56197.61, 服务=2281, 流失=1058
2026-03-10 01:03:26 - trainer - INFO - 回合 189/200: 奖励=0.00, 利润=56050.50, 服务=2304, 流失=1001
2026-03-10 01:05:01 - trainer - INFO - 回合 190/200: 奖励=0.00, 利润=52083.28, 服务=2141, 流失=1126
2026-03-10 01:06:43 - trainer - INFO - 回合 191/200: 奖励=0.00, 利润=54831.18, 服务=2279, 流失=1083
2026-03-10 01:08:15 - trainer - INFO - 回合 192/200: 奖励=0.00, 利润=51125.84, 服务=2100, 流失=1224
2026-03-10 01:09:53 - trainer - INFO - 回合 193/200: 奖励=0.00, 利润=52754.62, 服务=2201, 流失=1140
2026-03-10 01:11:27 - trainer - INFO - 回合 194/200: 奖励=0.00, 利润=51519.35, 服务=2150, 流失=1117
2026-03-10 01:13:07 - trainer - INFO - 回合 195/200: 奖励=0.00, 利润=53642.46, 服务=2270, 流失=1060
2026-03-10 01:14:45 - trainer - INFO - 回合 196/200: 奖励=0.00, 利润=54029.33, 服务=2258, 流失=1066
2026-03-10 01:16:22 - trainer - INFO - 回合 197/200: 奖励=0.00, 利润=54856.35, 服务=2247, 流失=1056
2026-03-10 01:17:53 - trainer - INFO - 回合 198/200: 奖励=0.00, 利润=50125.67, 服务=2075, 流失=1075
2026-03-10 01:19:30 - trainer - INFO - 回合 199/200: 奖励=0.00, 利润=54654.43, 服务=2238, 流失=981
2026-03-10 01:21:02 - trainer - INFO - 回合 200/200: 奖励=0.00, 利润=52337.30, 服务=2088, 流失=1269
2026-03-10 01:21:02 - trainer - INFO - ============================================================
2026-03-10 01:21:02 - trainer - INFO - 训练完成
2026-03-10 01:21:02 - trainer - INFO - ============================================================
2026-03-10 01:21:02 - trainer - INFO - ============================================================
2026-03-10 01:21:02 - trainer - INFO - 训练总结
2026-03-10 01:21:02 - trainer - INFO - ============================================================
2026-03-10 01:21:02 - trainer - INFO - 总回合数: 200
2026-03-10 01:21:02 - trainer - INFO - 平均奖励: 0.00 ± 0.00
2026-03-10 01:21:02 - trainer - INFO - 平均利润: 52509.86
2026-03-10 01:21:02 - trainer - INFO - 平均服务: 2153.6
2026-03-10 01:21:02 - trainer - INFO - 最佳回合 (第1): 奖励=0.00, 利润=28495.12
